<?xml version="1.0" encoding="UTF-8"?>
<!-- Generated by org.testng.reporters.JUnitReportReporter -->
<testsuite hostname="YOHA-53" failures="0" tests="1" name="seleniumtest.AppTest" time="16.983" errors="0" timestamp="2025-07-04T15:03:16 IST" skipped="0">
  <testcase classname="seleniumtest.AppTest" name="fillNameFieldsUsingXPath" time="16.983"/>
</testsuite> <!-- seleniumtest.AppTest -->
